Using pre-set license
Built from '2020.3/staging' branch; Version is '2020.3.11f1 (99c7afb366b3) revision 10078127'; Using compiler version '192528614'; Build Type 'Release'
OS: 'Windows 10 Pro; OS build 19041.1052; Version 2004; 64bit' Language: 'ru' Physical Memory: 8084 MB
BatchMode: 1, IsHumanControllingUs: 0, StartBugReporterOnCrash: 0, Is64bit: 1, IsPro: 0

 COMMAND LINE ARGUMENTS:
D:\Work\Unity\2020.3.11f1\Editor\Unity.exe
-adb2
-batchMode
-noUpm
-name
AssetImportWorker2
-projectPath
D:/Work/Unity/Projects/Firefighter
-logFile
Logs/AssetImportWorker2.log
-srvPort
51664
Successfully changed project path to: D:/Work/Unity/Projects/Firefighter
D:/Work/Unity/Projects/Firefighter
Using Asset Import Pipeline V2.
Refreshing native plugins compatible for Editor in 143.14 ms, found 1 plugins.
Preloading 0 native plugins for Editor in 0.00 ms.
Initialize engine version: 2020.3.11f1 (99c7afb366b3)
[Subsystems] Discovering subsystems at path D:/Work/Unity/2020.3.11f1/Editor/Data/Resources/UnitySubsystems
[Subsystems] Discovering subsystems at path D:/Work/Unity/Projects/Firefighter/Assets
GfxDevice: creating device client; threaded=0
Direct3D:
    Version:  Direct3D 11.0 [level 11.1]
    Renderer: Intel(R) HD Graphics 510 (ID=0x1902)
    Vendor:   
    VRAM:     4042 MB
    Driver:   20.19.15.4364
Initialize mono
Mono path[0] = 'D:/Work/Unity/2020.3.11f1/Editor/Data/Managed'
Mono path[1] = 'D:/Work/Unity/2020.3.11f1/Editor/Data/MonoBleedingEdge/lib/mono/unityjit'
Mono config path = 'D:/Work/Unity/2020.3.11f1/Editor/Data/MonoBleedingEdge/etc'
Using monoOptions --debugger-agent=transport=dt_socket,embedding=1,server=y,suspend=n,address=127.0.0.1:56344
Begin MonoManager ReloadAssembly
Registering precompiled unity dll's ...
Register platform support module: D:/Work/Unity/2020.3.11f1/Editor/Data/PlaybackEngines/WindowsStandaloneSupport/UnityEditor.WindowsStandalone.Extensions.dll
Registered in 0.004272 seconds.
Native extension for WindowsStandalone target not found
Refreshing native plugins compatible for Editor in 48.10 ms, found 1 plugins.
Preloading 0 native plugins for Editor in 0.00 ms.
Mono: successfully reloaded assembly
- Completed reload, in  1.688 seconds
Platform modules already initialized, skipping
Registering precompiled user dll's ...
Registered in 0.007304 seconds.
Begin MonoManager ReloadAssembly
Native extension for WindowsStandalone target not found
Refreshing native plugins compatible for Editor in 0.94 ms, found 1 plugins.
Preloading 0 native plugins for Editor in 0.00 ms.
Mono: successfully reloaded assembly
- Completed reload, in  5.363 seconds
Platform modules already initialized, skipping
========================================================================
Worker process is ready to serve import requests
Launched and connected shader compiler UnityShaderCompiler.exe after 0.56 seconds
Refreshing native plugins compatible for Editor in 0.93 ms, found 1 plugins.
Preloading 0 native plugins for Editor in 0.00 ms.
Unloading 1724 Unused Serialized files (Serialized files now loaded: 0)
System memory in use before: 160.5 MB.
System memory in use after: 160.6 MB.

Unloading 82 unused Assets to reduce memory usage. Loaded Objects now: 2129.
Total: 3.321800 ms (FindLiveObjects: 0.221700 ms CreateObjectMapping: 0.088600 ms MarkObjects: 2.899900 ms  DeleteObjects: 0.110300 ms)

========================================================================
Received Import Request.
  path: Assets/Art/Environment
  artifactKey: Guid(ab58069271fa0b544a22489f1cf23b9f) Importer(815301076,1909f56bfc062723c751e8b465ee728b)
Start importing Assets/Art/Environment using Guid(ab58069271fa0b544a22489f1cf23b9f) Importer(815301076,1909f56bfc062723c751e8b465ee728b)  -> (artifact id: 'be481ed059c3ae3d47227f8102e93b45') in 0.044137 seconds
  Import took 0.138738 seconds .

========================================================================
Received Import Request.
  Time since last request: 0.000404 seconds.
  path: Assets/Art/Atlases
  artifactKey: Guid(41977131d7657f24fb8eacb01a941b5a) Importer(815301076,1909f56bfc062723c751e8b465ee728b)
Start importing Assets/Art/Atlases using Guid(41977131d7657f24fb8eacb01a941b5a) Importer(815301076,1909f56bfc062723c751e8b465ee728b)  -> (artifact id: '18f69fe494134d6a0666f84c2aa5a4e1') in 0.038363 seconds
  Import took 0.068909 seconds .

========================================================================
Received Import Request.
  Time since last request: 0.000319 seconds.
  path: Assets/Art/Backgrounds/Resources/GameBackgrounds/GameBackgroundOvercast.png
  artifactKey: Guid(df74b0c24eab0ad41b507b2219742c6e) Importer(815301076,1909f56bfc062723c751e8b465ee728b)
Start importing Assets/Art/Backgrounds/Resources/GameBackgrounds/GameBackgroundOvercast.png using Guid(df74b0c24eab0ad41b507b2219742c6e) Importer(815301076,1909f56bfc062723c751e8b465ee728b)  -> (artifact id: '688e633695b1d0a3c3621d1ee2ea6202') in 0.522808 seconds
  Import took 0.602545 seconds .

========================================================================
Received Import Request.
  Time since last request: 0.000767 seconds.
  path: Assets/Art/Atlases/Victims.spriteatlas
  artifactKey: Guid(5b4337d848753a44dad1b3c3c61b63cc) Importer(815301076,1909f56bfc062723c751e8b465ee728b)
Start importing Assets/Art/Atlases/Victims.spriteatlas using Guid(5b4337d848753a44dad1b3c3c61b63cc) Importer(815301076,1909f56bfc062723c751e8b465ee728b)  -> (artifact id: 'f4bc13ecde093e3faf95a2da34196e54') in 0.459041 seconds
  Import took 0.591280 seconds .

========================================================================
Received Import Request.
  Time since last request: 0.000826 seconds.
  path: Assets/Art/Backgrounds/MenuBackground.png
  artifactKey: Guid(2689ef0311e363d488352a0f7cc6c98b) Importer(815301076,1909f56bfc062723c751e8b465ee728b)
Start importing Assets/Art/Backgrounds/MenuBackground.png using Guid(2689ef0311e363d488352a0f7cc6c98b) Importer(815301076,1909f56bfc062723c751e8b465ee728b)  -> (artifact id: '08972abddaca49bb27e07bebfe500811') in 0.061619 seconds
  Import took 0.073827 seconds .

========================================================================
Received Import Request.
  Time since last request: 0.000252 seconds.
  path: Assets/Art/Atlases/UI.spriteatlas
  artifactKey: Guid(0dc81db1a0f3f78429085d4d18274b99) Importer(815301076,1909f56bfc062723c751e8b465ee728b)
Start importing Assets/Art/Atlases/UI.spriteatlas using Guid(0dc81db1a0f3f78429085d4d18274b99) Importer(815301076,1909f56bfc062723c751e8b465ee728b)  -> (artifact id: '05ce22b037869ce7d95f638fa25d6df5') in 0.063562 seconds
  Import took 0.086561 seconds .

========================================================================
Received Import Request.
  Time since last request: 0.000251 seconds.
  path: Assets/Art/Backgrounds/Resources
  artifactKey: Guid(5a2d95ca041194b46b3fc647649f0bf5) Importer(815301076,1909f56bfc062723c751e8b465ee728b)
Start importing Assets/Art/Backgrounds/Resources using Guid(5a2d95ca041194b46b3fc647649f0bf5) Importer(815301076,1909f56bfc062723c751e8b465ee728b)  -> (artifact id: '434a813a644bd4f5923a135a008e57b0') in 0.029145 seconds
  Import took 0.052398 seconds .

========================================================================
Received Import Request.
  Time since last request: 0.000230 seconds.
  path: Assets/Art/Atlases/Tiles.spriteatlas
  artifactKey: Guid(4a29425b9828a2044981efd332d8a735) Importer(815301076,1909f56bfc062723c751e8b465ee728b)
Start importing Assets/Art/Atlases/Tiles.spriteatlas using Guid(4a29425b9828a2044981efd332d8a735) Importer(815301076,1909f56bfc062723c751e8b465ee728b)  -> (artifact id: '30600f334adc7f04e64ef82b3e7231be') in 0.020544 seconds
  Import took 0.041991 seconds .

========================================================================
Received Import Request.
  Time since last request: 0.000474 seconds.
  path: Assets/Art/Environment/Normal
  artifactKey: Guid(5da9fbdc6487b00459930a426e9c023e) Importer(815301076,1909f56bfc062723c751e8b465ee728b)
Start importing Assets/Art/Environment/Normal using Guid(5da9fbdc6487b00459930a426e9c023e) Importer(815301076,1909f56bfc062723c751e8b465ee728b)  -> (artifact id: '17c5e4b07cd7fdccff573755ee0e08e6') in 0.025302 seconds
  Import took 0.036611 seconds .

========================================================================
Received Import Request.
  Time since last request: 0.000237 seconds.
  path: Assets/Art/Backgrounds/Resources/GameBackgrounds/GameBackgroundNight.png
  artifactKey: Guid(732cb0f956e77914a8f43e5bf89cea6f) Importer(815301076,1909f56bfc062723c751e8b465ee728b)
Start importing Assets/Art/Backgrounds/Resources/GameBackgrounds/GameBackgroundNight.png using Guid(732cb0f956e77914a8f43e5bf89cea6f) Importer(815301076,1909f56bfc062723c751e8b465ee728b)  -> (artifact id: '7518839b26638d887e6b746096303857') in 0.068610 seconds
  Import took 0.091663 seconds .

========================================================================
Received Import Request.
  Time since last request: 0.000240 seconds.
  path: Assets/Art/Atlases/Environment.spriteatlas
  artifactKey: Guid(8b3a13d3dbbdcad4daf76204f9a34702) Importer(815301076,1909f56bfc062723c751e8b465ee728b)
Start importing Assets/Art/Atlases/Environment.spriteatlas using Guid(8b3a13d3dbbdcad4daf76204f9a34702) Importer(815301076,1909f56bfc062723c751e8b465ee728b)  -> (artifact id: 'ac3e45fd833b16d5a5095819dfb22a1b') in 0.015973 seconds
  Import took 0.034736 seconds .

========================================================================
Received Import Request.
  Time since last request: 0.000343 seconds.
  path: Assets/Art/Environment/Burnt
  artifactKey: Guid(8428aa656bcfbd641810980a1be7265f) Importer(815301076,1909f56bfc062723c751e8b465ee728b)
Start importing Assets/Art/Environment/Burnt using Guid(8428aa656bcfbd641810980a1be7265f) Importer(815301076,1909f56bfc062723c751e8b465ee728b)  -> (artifact id: '24dc05c4cb63efff8f789d645b2ed05a') in 0.035918 seconds
  Import took 0.084903 seconds .

========================================================================
Received Import Request.
  Time since last request: 0.000262 seconds.
  path: Assets/Art/Environment/Miscellaneous
  artifactKey: Guid(af06bcd1bd225b640895ef4f844fdb8f) Importer(815301076,1909f56bfc062723c751e8b465ee728b)
Start importing Assets/Art/Environment/Miscellaneous using Guid(af06bcd1bd225b640895ef4f844fdb8f) Importer(815301076,1909f56bfc062723c751e8b465ee728b)  -> (artifact id: '29c9c8cf37c303bee09915ceef7583db') in 0.039785 seconds
  Import took 0.062216 seconds .

========================================================================
Received Import Request.
  Time since last request: 0.000266 seconds.
  path: Assets/Art/Backgrounds/Resources/GameBackgrounds/GameBackgroundDawn.png
  artifactKey: Guid(3bfb770075d10d4488e251c6796dacd6) Importer(815301076,1909f56bfc062723c751e8b465ee728b)
Start importing Assets/Art/Backgrounds/Resources/GameBackgrounds/GameBackgroundDawn.png using Guid(3bfb770075d10d4488e251c6796dacd6) Importer(815301076,1909f56bfc062723c751e8b465ee728b)  -> (artifact id: '73099f96be5366731c6d668860852505') in 0.073237 seconds
  Import took 0.076824 seconds .

========================================================================
Received Import Request.
  Time since last request: 0.000266 seconds.
  path: Assets/Art/Backgrounds
  artifactKey: Guid(3651aae47cd40c546af13232dddf4958) Importer(815301076,1909f56bfc062723c751e8b465ee728b)
Start importing Assets/Art/Backgrounds using Guid(3651aae47cd40c546af13232dddf4958) Importer(815301076,1909f56bfc062723c751e8b465ee728b)  -> (artifact id: 'a4c8ee95cd364e2fca327221fbf4b8e2') in 0.013083 seconds
  Import took 0.037070 seconds .

========================================================================
Received Import Request.
  Time since last request: 0.000457 seconds.
  path: Assets/Art/Backgrounds/Resources/GameBackgrounds/GameBackgroundDay.png
  artifactKey: Guid(e0c985b854695334cab0f724d27f1842) Importer(815301076,1909f56bfc062723c751e8b465ee728b)
Start importing Assets/Art/Backgrounds/Resources/GameBackgrounds/GameBackgroundDay.png using Guid(e0c985b854695334cab0f724d27f1842) Importer(815301076,1909f56bfc062723c751e8b465ee728b)  -> (artifact id: 'f1844a5f8813b487a205b16e25a2fd4e') in 0.036965 seconds
  Import took 0.041571 seconds .

========================================================================
Received Import Request.
  Time since last request: 0.000221 seconds.
  path: Assets/Art/Backgrounds/Resources/GameBackgrounds
  artifactKey: Guid(c8e766a2e143d5e43ac801287fbb3c2e) Importer(815301076,1909f56bfc062723c751e8b465ee728b)
Start importing Assets/Art/Backgrounds/Resources/GameBackgrounds using Guid(c8e766a2e143d5e43ac801287fbb3c2e) Importer(815301076,1909f56bfc062723c751e8b465ee728b)  -> (artifact id: 'ea79c23af41d0c3b8d9c28b0e4c4364b') in 0.027528 seconds
  Import took 0.043776 seconds .

========================================================================
Received Import Request.
  Time since last request: 6.636983 seconds.
  path: Assets/Art/Particles
  artifactKey: Guid(24e3c15f2215ae24187d8ca631c23453) Importer(815301076,1909f56bfc062723c751e8b465ee728b)
Start importing Assets/Art/Particles using Guid(24e3c15f2215ae24187d8ca631c23453) Importer(815301076,1909f56bfc062723c751e8b465ee728b)  -> (artifact id: '3cdb2169e257a166f3eb94e89e389fb8') in 0.021068 seconds
  Import took 0.058194 seconds .

========================================================================
Received Import Request.
  Time since last request: 4.325684 seconds.
  path: Assets/Art/PlayerSkins
  artifactKey: Guid(dd10bec0c04bc0741875f3736fa1a6a8) Importer(815301076,1909f56bfc062723c751e8b465ee728b)
Start importing Assets/Art/PlayerSkins using Guid(dd10bec0c04bc0741875f3736fa1a6a8) Importer(815301076,1909f56bfc062723c751e8b465ee728b)  -> (artifact id: 'a355b16491e1bea261337a27076ac57d') in 0.020681 seconds
  Import took 0.055757 seconds .

========================================================================
Received Import Request.
  Time since last request: 0.716208 seconds.
  path: Assets/Art/PlayerSkins/Black
  artifactKey: Guid(654f4430bcc482e4caf77ce626681eaf) Importer(815301076,1909f56bfc062723c751e8b465ee728b)
Start importing Assets/Art/PlayerSkins/Black using Guid(654f4430bcc482e4caf77ce626681eaf) Importer(815301076,1909f56bfc062723c751e8b465ee728b)  -> (artifact id: '0d419fbb604de86dd6c4a08c44241224') in 0.008096 seconds
  Import took 0.043511 seconds .

========================================================================
Received Import Request.
  Time since last request: 1.229359 seconds.
  path: Assets/Art/PlayerSkins/Black/PlayerSkinPreview_Black.png
  artifactKey: Guid(122397268eb1bf54ea76cabf6c8cccbe) Importer(815301076,1909f56bfc062723c751e8b465ee728b)
Start importing Assets/Art/PlayerSkins/Black/PlayerSkinPreview_Black.png using Guid(122397268eb1bf54ea76cabf6c8cccbe) Importer(815301076,1909f56bfc062723c751e8b465ee728b)  -> (artifact id: '78ab96e226cdd5043716a80ed2dfefad') in 0.028056 seconds
  Import took 0.051188 seconds .

========================================================================
Received Import Request.
  Time since last request: 3.006887 seconds.
  path: Assets/Art/PlayerSkins/Brown
  artifactKey: Guid(0415cb4031166cd42bd5fd087ceddebf) Importer(815301076,1909f56bfc062723c751e8b465ee728b)
Start importing Assets/Art/PlayerSkins/Brown using Guid(0415cb4031166cd42bd5fd087ceddebf) Importer(815301076,1909f56bfc062723c751e8b465ee728b)  -> (artifact id: '75add9588687768a215c25f69ab70542') in 0.021276 seconds
  Import took 0.029441 seconds .

========================================================================
Received Import Request.
  Time since last request: 1.369435 seconds.
  path: Assets/Art/PlayerSkins/Brown/PlayerSkinPreview_Brown.png
  artifactKey: Guid(301efce5dcc1b74499a794bbb845ee51) Importer(815301076,1909f56bfc062723c751e8b465ee728b)
Start importing Assets/Art/PlayerSkins/Brown/PlayerSkinPreview_Brown.png using Guid(301efce5dcc1b74499a794bbb845ee51) Importer(815301076,1909f56bfc062723c751e8b465ee728b)  -> (artifact id: '3d735a471a17aed18c915a934554b785') in 0.045444 seconds
  Import took 0.070916 seconds .

========================================================================
Received Import Request.
  Time since last request: 2.954103 seconds.
  path: Assets/Art/Tileset
  artifactKey: Guid(c4abe4bd3efdac54ebe635fbb8890b44) Importer(815301076,1909f56bfc062723c751e8b465ee728b)
Start importing Assets/Art/Tileset using Guid(c4abe4bd3efdac54ebe635fbb8890b44) Importer(815301076,1909f56bfc062723c751e8b465ee728b)  -> (artifact id: '73be9b45a5ccd4844ec142113b7fcdaf') in 0.031216 seconds
  Import took 0.037013 seconds .

========================================================================
Received Import Request.
  Time since last request: 5.922885 seconds.
  path: Assets/Art/UI
  artifactKey: Guid(663d19477e736c146b37d465b97e9960) Importer(815301076,1909f56bfc062723c751e8b465ee728b)
Start importing Assets/Art/UI using Guid(663d19477e736c146b37d465b97e9960) Importer(815301076,1909f56bfc062723c751e8b465ee728b)  -> (artifact id: 'f0e7a28b44e60609a1d7a06eb9a32201') in 0.010259 seconds
  Import took 0.039254 seconds .

========================================================================
Received Import Request.
  Time since last request: 2.688732 seconds.
  path: Assets/Art/UI/OppositeArrows.png
  artifactKey: Guid(26137b369f57eab4bb4d538e6e1dc759) Importer(815301076,1909f56bfc062723c751e8b465ee728b)
Start importing Assets/Art/UI/OppositeArrows.png using Guid(26137b369f57eab4bb4d538e6e1dc759) Importer(815301076,1909f56bfc062723c751e8b465ee728b)  -> (artifact id: '26262d57f927918869e20ea66dbfd927') in 0.059559 seconds
  Import took 0.062804 seconds .

========================================================================
Received Import Request.
  Time since last request: 21.853255 seconds.
  path: Assets/Art/UI/ForefingerIcon.png
  artifactKey: Guid(dbc3f38a76a997e4aa250dc7e4a13227) Importer(815301076,1909f56bfc062723c751e8b465ee728b)
Start importing Assets/Art/UI/ForefingerIcon.png using Guid(dbc3f38a76a997e4aa250dc7e4a13227) Importer(815301076,1909f56bfc062723c751e8b465ee728b)  -> (artifact id: '3794651366a44f6476725c6c0e23af05') in 0.028017 seconds
  Import took 0.065422 seconds .

========================================================================
Received Import Request.
  Time since last request: 0.009622 seconds.
  path: Assets/Art/UI/ForefingerIcon.png
  artifactKey: Guid(dbc3f38a76a997e4aa250dc7e4a13227) Importer(815301076,1909f56bfc062723c751e8b465ee728b)
Start importing Assets/Art/UI/ForefingerIcon.png using Guid(dbc3f38a76a997e4aa250dc7e4a13227) Importer(815301076,1909f56bfc062723c751e8b465ee728b)  -> (artifact id: '3794651366a44f6476725c6c0e23af05') in 0.014001 seconds
  Import took 0.017813 seconds .

========================================================================
Received Prepare
Registering precompiled user dll's ...
Registered in 0.009559 seconds.
Begin MonoManager ReloadAssembly
Native extension for WindowsStandalone target not found
Refreshing native plugins compatible for Editor in 0.90 ms, found 1 plugins.
Preloading 0 native plugins for Editor in 0.00 ms.
Mono: successfully reloaded assembly
- Completed reload, in  1.223 seconds
Platform modules already initialized, skipping
Switching build target platform(19) subTarget(0) extendedPlatform(0) -> platform(13) subTarget(537460736) extendedPlatform(0)
Refreshing native plugins compatible for Editor in 0.87 ms, found 1 plugins.
Preloading 0 native plugins for Editor in 0.00 ms.
Unloading 1704 Unused Serialized files (Serialized files now loaded: 0)
System memory in use before: 161.6 MB.
System memory in use after: 128.0 MB.

Unloading 74 unused Assets to reduce memory usage. Loaded Objects now: 2148.
Total: 6.283400 ms (FindLiveObjects: 0.207300 ms CreateObjectMapping: 0.075600 ms MarkObjects: 2.570800 ms  DeleteObjects: 3.428100 ms)

AssetImportParameters requested are different than current active one (requested -> active):
  custom:graphics/normal-map-encoding: 01000000000000000000000000000000 -> 02000000000000000000000000000000
========================================================================
Received Import Request.
  Time since last request: 15.409120 seconds.
  path: Assets/Art/UI/Star.png
  artifactKey: Guid(10d233b63d70ef04381711eee933a21a) Importer(815301076,1909f56bfc062723c751e8b465ee728b)
Start importing Assets/Art/UI/Star.png using Guid(10d233b63d70ef04381711eee933a21a) Importer(815301076,1909f56bfc062723c751e8b465ee728b)  -> (artifact id: '292444f8d00b1d3d683142c202695d26') in 0.111886 seconds
  Import took 0.126994 seconds .

========================================================================
Received Import Request.
  Time since last request: 4.648401 seconds.
  path: Assets/Art/UI/Triangle.png
  artifactKey: Guid(c356d10b4a98a33448a9da4bb7bc4990) Importer(815301076,1909f56bfc062723c751e8b465ee728b)
Start importing Assets/Art/UI/Triangle.png using Guid(c356d10b4a98a33448a9da4bb7bc4990) Importer(815301076,1909f56bfc062723c751e8b465ee728b)  -> (artifact id: '158a6300fe87dd800cde7dcc81643ec0') in 0.061398 seconds
  Import took 0.065601 seconds .

========================================================================
Received Import Request.
  Time since last request: 0.666711 seconds.
  path: Assets/Art/UI/Victim.png
  artifactKey: Guid(66246550b2c99784499c9afb25fc4640) Importer(815301076,1909f56bfc062723c751e8b465ee728b)
Start importing Assets/Art/UI/Victim.png using Guid(66246550b2c99784499c9afb25fc4640) Importer(815301076,1909f56bfc062723c751e8b465ee728b)  -> (artifact id: '746fe50ad965de77a0ac9d7f44590c11') in 0.052124 seconds
  Import took 0.055245 seconds .

========================================================================
Received Import Request.
  Time since last request: 3.466780 seconds.
  path: Assets/Art/Victims
  artifactKey: Guid(7783d2c32452a7b4abb53c323bea6e49) Importer(815301076,1909f56bfc062723c751e8b465ee728b)
Start importing Assets/Art/Victims using Guid(7783d2c32452a7b4abb53c323bea6e49) Importer(815301076,1909f56bfc062723c751e8b465ee728b)  -> (artifact id: '7d23f982108e9e9f728135ab03485982') in 0.007972 seconds
  Import took 0.033288 seconds .

========================================================================
Received Import Request.
  Time since last request: 1.886723 seconds.
  path: Assets/Art/Victims/Victim2.png
  artifactKey: Guid(31a4513fe1fcee84f85f3f392a54579a) Importer(815301076,1909f56bfc062723c751e8b465ee728b)
Start importing Assets/Art/Victims/Victim2.png using Guid(31a4513fe1fcee84f85f3f392a54579a) Importer(815301076,1909f56bfc062723c751e8b465ee728b)  -> (artifact id: '826e0edf664c4f5913b9f3d5c756ee53') in 0.059221 seconds
  Import took 0.083349 seconds .

========================================================================
Received Import Request.
  Time since last request: 0.762701 seconds.
  path: Assets/Art/Victims/Victim3.png
  artifactKey: Guid(d8a5218877db57a41b265a7d830c797c) Importer(815301076,1909f56bfc062723c751e8b465ee728b)
Start importing Assets/Art/Victims/Victim3.png using Guid(d8a5218877db57a41b265a7d830c797c) Importer(815301076,1909f56bfc062723c751e8b465ee728b)  -> (artifact id: 'b5e207f831ae9a3466e07a8c7ed40596') in 0.053411 seconds
  Import took 0.075681 seconds .

========================================================================
Received Prepare
Refreshing native plugins compatible for Editor in 62.94 ms, found 1 plugins.
Preloading 0 native plugins for Editor in 0.00 ms.
Unloading 67 Unused Serialized files (Serialized files now loaded: 0)
System memory in use before: 129.6 MB.
System memory in use after: 129.7 MB.

Unloading 67 unused Assets to reduce memory usage. Loaded Objects now: 2165.
Total: 3.734600 ms (FindLiveObjects: 0.244200 ms CreateObjectMapping: 0.084600 ms MarkObjects: 3.361100 ms  DeleteObjects: 0.042200 ms)

========================================================================
Received Prepare
Refreshing native plugins compatible for Editor in 16.91 ms, found 1 plugins.
Preloading 0 native plugins for Editor in 0.00 ms.
Unloading 67 Unused Serialized files (Serialized files now loaded: 0)
System memory in use before: 129.6 MB.
System memory in use after: 129.7 MB.

Unloading 67 unused Assets to reduce memory usage. Loaded Objects now: 2165.
Total: 5.196500 ms (FindLiveObjects: 0.224700 ms CreateObjectMapping: 0.067400 ms MarkObjects: 4.711000 ms  DeleteObjects: 0.190000 ms)

AssetImportWorkerClient::OnTransportError - code=2 error=End of file
